[INFO][2023-04-04 21:18:52.225][2824592]Server/webserver.cpp:427(eventLoop): timer tick
[INFO][2023-04-04 21:18:52.452][2824592]Server/webserver.cpp:312(dealwithread): deal with the client(113.57.237.69)
[INFO][2023-04-04 21:18:52.452][2824592]Server/webserver.cpp:183(adjust_timer): adjust timer once
[INFO][2023-04-04 21:18:52.452][2824594]HttpConn/http_conn.cpp:352(process_read): GET / HTTP/1.1
[INFO][2023-04-04 21:18:52.452][2824594]HttpConn/http_conn.cpp:352(process_read): Host: 117.78.8.174:9006
[INFO][2023-04-04 21:18:52.452][2824594]HttpConn/http_conn.cpp:352(process_read): User-Agent: Mozilla/5.0 (Windows NT 10.0; Win64; x64) AppleWebKit/537.36 (KHTML, like Gecko) Chrome/111.0.0.0 Safari/537.36
[INFO][2023-04-04 21:18:52.452][2824594]HttpConn/http_conn.cpp:324(parse_headers): oop!unknow header: User-Agent: Mozilla/5.0 (Windows NT 10.0; Win64; x64) AppleWebKit/537.36 (KHTML, like Gecko) Chrome/111.0.0.0 Safari/537.36
[INFO][2023-04-04 21:18:52.452][2824594]HttpConn/http_conn.cpp:352(process_read): Accept: text/html,application/xhtml+xml,application/xml;q=0.9,image/avif,image/webp,image/apng,*/*;q=0.8,application/signed-exchange;v=b3;q=0.7
[INFO][2023-04-04 21:18:52.452][2824594]HttpConn/http_conn.cpp:324(parse_headers): oop!unknow header: Accept: text/html,application/xhtml+xml,application/xml;q=0.9,image/avif,image/webp,image/apng,*/*;q=0.8,application/signed-exchange;v=b3;q=0.7
[INFO][2023-04-04 21:18:52.452][2824594]HttpConn/http_conn.cpp:352(process_read): Accept-Encoding: gzip, deflate
[INFO][2023-04-04 21:18:52.452][2824594]HttpConn/http_conn.cpp:324(parse_headers): oop!unknow header: Accept-Encoding: gzip, deflate
[INFO][2023-04-04 21:18:52.452][2824594]HttpConn/http_conn.cpp:352(process_read): Accept-Language: zh-CN,zh;q=0.9,en;q=0.8
[INFO][2023-04-04 21:18:52.452][2824594]HttpConn/http_conn.cpp:324(parse_headers): oop!unknow header: Accept-Language: zh-CN,zh;q=0.9,en;q=0.8
[INFO][2023-04-04 21:18:52.452][2824594]HttpConn/http_conn.cpp:352(process_read): Purpose: prefetch
[INFO][2023-04-04 21:18:52.452][2824594]HttpConn/http_conn.cpp:324(parse_headers): oop!unknow header: Purpose: prefetch
[INFO][2023-04-04 21:18:52.452][2824594]HttpConn/http_conn.cpp:352(process_read): Sec-Purpose: prefetch;prerender
[INFO][2023-04-04 21:18:52.452][2824594]HttpConn/http_conn.cpp:324(parse_headers): oop!unknow header: Sec-Purpose: prefetch;prerender
[INFO][2023-04-04 21:18:52.452][2824594]HttpConn/http_conn.cpp:352(process_read): Upgrade-Insecure-Requests: 1
[INFO][2023-04-04 21:18:52.452][2824594]HttpConn/http_conn.cpp:324(parse_headers): oop!unknow header: Upgrade-Insecure-Requests: 1
[INFO][2023-04-04 21:18:52.452][2824594]HttpConn/http_conn.cpp:352(process_read): 
[INFO][2023-04-04 21:18:52.452][2824594]HttpConn/http_conn.cpp:602(add_response): request:HTTP/1.1 200 OK

[INFO][2023-04-04 21:18:52.452][2824594]HttpConn/http_conn.cpp:602(add_response): request:HTTP/1.1 200 OK
Content-Length:591

[INFO][2023-04-04 21:18:52.452][2824594]HttpConn/http_conn.cpp:602(add_response): request:HTTP/1.1 200 OK
Content-Length:591
Connection:close

[INFO][2023-04-04 21:18:52.452][2824594]HttpConn/http_conn.cpp:602(add_response): request:HTTP/1.1 200 OK
Content-Length:591
Connection:close


[INFO][2023-04-04 21:18:52.453][2824592]Server/webserver.cpp:194(deal_timer): close fd 15
[INFO][2023-04-04 21:18:53.406][2824592]Server/webserver.cpp:312(dealwithread): deal with the client(113.57.237.69)
[INFO][2023-04-04 21:18:53.406][2824592]Server/webserver.cpp:183(adjust_timer): adjust timer once
[INFO][2023-04-04 21:18:53.406][2824596]HttpConn/http_conn.cpp:352(process_read): GET /favicon.ico HTTP/1.1
[INFO][2023-04-04 21:18:53.406][2824596]HttpConn/http_conn.cpp:352(process_read): Host: 117.78.8.174:9006
[INFO][2023-04-04 21:18:53.406][2824596]HttpConn/http_conn.cpp:352(process_read): User-Agent: Mozilla/5.0 (Windows NT 10.0; Win64; x64) AppleWebKit/537.36 (KHTML, like Gecko) Chrome/111.0.0.0 Safari/537.36
[INFO][2023-04-04 21:18:53.406][2824596]HttpConn/http_conn.cpp:324(parse_headers): oop!unknow header: User-Agent: Mozilla/5.0 (Windows NT 10.0; Win64; x64) AppleWebKit/537.36 (KHTML, like Gecko) Chrome/111.0.0.0 Safari/537.36
[INFO][2023-04-04 21:18:53.406][2824596]HttpConn/http_conn.cpp:352(process_read): Accept: image/avif,image/webp,image/apng,image/svg+xml,image/*,*/*;q=0.8
[INFO][2023-04-04 21:18:53.406][2824596]HttpConn/http_conn.cpp:324(parse_headers): oop!unknow header: Accept: image/avif,image/webp,image/apng,image/svg+xml,image/*,*/*;q=0.8
[INFO][2023-04-04 21:18:53.406][2824596]HttpConn/http_conn.cpp:352(process_read): Accept-Encoding: gzip, deflate
[INFO][2023-04-04 21:18:53.406][2824596]HttpConn/http_conn.cpp:324(parse_headers): oop!unknow header: Accept-Encoding: gzip, deflate
[INFO][2023-04-04 21:18:53.406][2824596]HttpConn/http_conn.cpp:352(process_read): Accept-Language: zh-CN,zh;q=0.9,en;q=0.8
[INFO][2023-04-04 21:18:53.406][2824596]HttpConn/http_conn.cpp:324(parse_headers): oop!unknow header: Accept-Language: zh-CN,zh;q=0.9,en;q=0.8
[INFO][2023-04-04 21:18:53.406][2824596]HttpConn/http_conn.cpp:352(process_read): Referer: http://117.78.8.174:9006/
[INFO][2023-04-04 21:18:53.406][2824596]HttpConn/http_conn.cpp:324(parse_headers): oop!unknow header: Referer: http://117.78.8.174:9006/
[INFO][2023-04-04 21:18:53.406][2824596]HttpConn/http_conn.cpp:352(process_read): 
[INFO][2023-04-04 21:18:53.406][2824596]HttpConn/http_conn.cpp:602(add_response): request:HTTP/1.1 200 OK

[INFO][2023-04-04 21:18:53.406][2824596]HttpConn/http_conn.cpp:602(add_response): request:HTTP/1.1 200 OK
Content-Length:4286

[INFO][2023-04-04 21:18:53.406][2824596]HttpConn/http_conn.cpp:602(add_response): request:HTTP/1.1 200 OK
Content-Length:4286
Connection:close

[INFO][2023-04-04 21:18:53.406][2824596]HttpConn/http_conn.cpp:602(add_response): request:HTTP/1.1 200 OK
Content-Length:4286
Connection:close


[INFO][2023-04-04 21:18:53.407][2824592]Server/webserver.cpp:194(deal_timer): close fd 16
[INFO][2023-04-04 21:18:57.225][2824592]Server/webserver.cpp:427(eventLoop): timer tick
[INFO][2023-04-04 21:19:02.225][2824592]Server/webserver.cpp:427(eventLoop): timer tick
[INFO][2023-04-04 21:19:07.225][2824592]Server/webserver.cpp:427(eventLoop): timer tick
[INFO][2023-04-04 21:19:12.225][2824592]Server/webserver.cpp:427(eventLoop): timer tick
[INFO][2023-04-04 21:19:17.225][2824592]Server/webserver.cpp:427(eventLoop): timer tick
[INFO][2023-04-04 21:19:22.225][2824592]Server/webserver.cpp:427(eventLoop): timer tick
[INFO][2023-04-04 21:19:27.225][2824592]Server/webserver.cpp:427(eventLoop): timer tick
[INFO][2023-04-04 21:19:32.225][2824592]Server/webserver.cpp:427(eventLoop): timer tick
[INFO][2023-04-04 21:19:37.225][2824592]Server/webserver.cpp:427(eventLoop): timer tick
[INFO][2023-04-04 21:19:42.225][2824592]Server/webserver.cpp:427(eventLoop): timer tick
[INFO][2023-04-04 21:19:47.225][2824592]Server/webserver.cpp:427(eventLoop): timer tick
[INFO][2023-04-04 21:19:52.225][2824592]Server/webserver.cpp:427(eventLoop): timer tick
[INFO][2023-04-04 21:19:57.225][2824592]Server/webserver.cpp:427(eventLoop): timer tick
[INFO][2023-04-04 21:20:02.225][2824592]Server/webserver.cpp:427(eventLoop): timer tick
[INFO][2023-04-04 21:20:07.225][2824592]Server/webserver.cpp:427(eventLoop): timer tick
[INFO][2023-04-04 21:20:12.225][2824592]Server/webserver.cpp:427(eventLoop): timer tick
[INFO][2023-04-04 21:20:17.225][2824592]Server/webserver.cpp:427(eventLoop): timer tick
[INFO][2023-04-04 21:20:22.225][2824592]Server/webserver.cpp:427(eventLoop): timer tick
[INFO][2023-04-04 21:20:27.225][2824592]Server/webserver.cpp:427(eventLoop): timer tick
[INFO][2023-04-04 21:20:32.225][2824592]Server/webserver.cpp:427(eventLoop): timer tick
[INFO][2023-04-04 21:20:37.225][2824592]Server/webserver.cpp:427(eventLoop): timer tick
[INFO][2023-04-04 21:20:42.225][2824592]Server/webserver.cpp:427(eventLoop): timer tick
[INFO][2023-04-04 21:20:47.225][2824592]Server/webserver.cpp:427(eventLoop): timer tick
[INFO][2023-04-04 21:20:52.225][2824592]Server/webserver.cpp:427(eventLoop): timer tick
[INFO][2023-04-04 21:20:57.226][2824592]Server/webserver.cpp:427(eventLoop): timer tick
[INFO][2023-04-04 21:21:02.226][2824592]Server/webserver.cpp:427(eventLoop): timer tick
[INFO][2023-04-04 21:21:07.226][2824592]Server/webserver.cpp:427(eventLoop): timer tick
[INFO][2023-04-04 21:21:12.226][2824592]Server/webserver.cpp:427(eventLoop): timer tick
[INFO][2023-04-04 21:21:17.226][2824592]Server/webserver.cpp:427(eventLoop): timer tick
[INFO][2023-04-04 21:21:22.226][2824592]Server/webserver.cpp:427(eventLoop): timer tick
[INFO][2023-04-04 21:21:27.226][2824592]Server/webserver.cpp:427(eventLoop): timer tick
[INFO][2023-04-04 21:21:32.226][2824592]Server/webserver.cpp:427(eventLoop): timer tick
[INFO][2023-04-04 21:21:37.226][2824592]Server/webserver.cpp:427(eventLoop): timer tick
[INFO][2023-04-04 21:21:42.226][2824592]Server/webserver.cpp:427(eventLoop): timer tick
[INFO][2023-04-04 21:21:47.226][2824592]Server/webserver.cpp:427(eventLoop): timer tick
[INFO][2023-04-04 21:21:52.226][2824592]Server/webserver.cpp:427(eventLoop): timer tick
[INFO][2023-04-04 21:21:57.226][2824592]Server/webserver.cpp:427(eventLoop): timer tick
[INFO][2023-04-04 21:22:02.226][2824592]Server/webserver.cpp:427(eventLoop): timer tick
[INFO][2023-04-04 21:22:07.226][2824592]Server/webserver.cpp:427(eventLoop): timer tick
[INFO][2023-04-04 21:22:12.226][2824592]Server/webserver.cpp:427(eventLoop): timer tick
[INFO][2023-04-04 21:22:17.226][2824592]Server/webserver.cpp:427(eventLoop): timer tick
[INFO][2023-04-04 21:22:22.226][2824592]Server/webserver.cpp:427(eventLoop): timer tick
[INFO][2023-04-04 21:22:27.226][2824592]Server/webserver.cpp:427(eventLoop): timer tick
[INFO][2023-04-04 21:22:32.226][2824592]Server/webserver.cpp:427(eventLoop): timer tick
[INFO][2023-04-04 21:22:37.226][2824592]Server/webserver.cpp:427(eventLoop): timer tick
[INFO][2023-04-04 21:22:42.226][2824592]Server/webserver.cpp:427(eventLoop): timer tick
[INFO][2023-04-04 21:22:47.226][2824592]Server/webserver.cpp:427(eventLoop): timer tick
[INFO][2023-04-04 21:22:52.226][2824592]Server/webserver.cpp:427(eventLoop): timer tick
[INFO][2023-04-04 21:22:57.226][2824592]Server/webserver.cpp:427(eventLoop): timer tick
[INFO][2023-04-04 21:23:02.226][2824592]Server/webserver.cpp:427(eventLoop): timer tick
[INFO][2023-04-04 21:23:07.227][2824592]Server/webserver.cpp:427(eventLoop): timer tick
[INFO][2023-04-04 21:23:12.227][2824592]Server/webserver.cpp:427(eventLoop): timer tick
[INFO][2023-04-04 21:23:17.227][2824592]Server/webserver.cpp:427(eventLoop): timer tick
[INFO][2023-04-04 21:23:22.227][2824592]Server/webserver.cpp:427(eventLoop): timer tick
[INFO][2023-04-04 21:23:27.227][2824592]Server/webserver.cpp:427(eventLoop): timer tick
[INFO][2023-04-04 21:23:32.227][2824592]Server/webserver.cpp:427(eventLoop): timer tick
[INFO][2023-04-04 21:23:37.227][2824592]Server/webserver.cpp:427(eventLoop): timer tick
[INFO][2023-04-04 21:23:42.227][2824592]Server/webserver.cpp:427(eventLoop): timer tick
[INFO][2023-04-04 21:23:47.227][2824592]Server/webserver.cpp:427(eventLoop): timer tick
[INFO][2023-04-04 21:23:52.227][2824592]Server/webserver.cpp:427(eventLoop): timer tick
[INFO][2023-04-04 21:23:57.227][2824592]Server/webserver.cpp:427(eventLoop): timer tick
[INFO][2023-04-04 21:24:02.227][2824592]Server/webserver.cpp:427(eventLoop): timer tick
[INFO][2023-04-04 21:24:07.227][2824592]Server/webserver.cpp:427(eventLoop): timer tick
[INFO][2023-04-04 21:24:12.227][2824592]Server/webserver.cpp:427(eventLoop): timer tick
[INFO][2023-04-04 21:24:17.227][2824592]Server/webserver.cpp:427(eventLoop): timer tick
[INFO][2023-04-04 21:24:22.227][2824592]Server/webserver.cpp:427(eventLoop): timer tick
[INFO][2023-04-04 21:24:27.227][2824592]Server/webserver.cpp:427(eventLoop): timer tick
[INFO][2023-04-04 21:24:32.227][2824592]Server/webserver.cpp:427(eventLoop): timer tick
[INFO][2023-04-04 21:24:37.227][2824592]Server/webserver.cpp:427(eventLoop): timer tick
[INFO][2023-04-04 21:24:42.227][2824592]Server/webserver.cpp:427(eventLoop): timer tick
[INFO][2023-04-04 21:24:47.227][2824592]Server/webserver.cpp:427(eventLoop): timer tick
[INFO][2023-04-04 21:24:52.227][2824592]Server/webserver.cpp:427(eventLoop): timer tick
[INFO][2023-04-04 21:24:57.227][2824592]Server/webserver.cpp:427(eventLoop): timer tick
[INFO][2023-04-04 21:25:02.227][2824592]Server/webserver.cpp:427(eventLoop): timer tick
[INFO][2023-04-04 21:25:07.228][2824592]Server/webserver.cpp:427(eventLoop): timer tick
[INFO][2023-04-04 21:25:12.228][2824592]Server/webserver.cpp:427(eventLoop): timer tick
[INFO][2023-04-04 21:25:17.228][2824592]Server/webserver.cpp:427(eventLoop): timer tick
[INFO][2023-04-04 21:25:22.228][2824592]Server/webserver.cpp:427(eventLoop): timer tick
[INFO][2023-04-04 21:25:27.228][2824592]Server/webserver.cpp:427(eventLoop): timer tick
[INFO][2023-04-04 21:25:32.228][2824592]Server/webserver.cpp:427(eventLoop): timer tick
[INFO][2023-04-04 21:25:37.228][2824592]Server/webserver.cpp:427(eventLoop): timer tick
[INFO][2023-04-04 21:25:42.228][2824592]Server/webserver.cpp:427(eventLoop): timer tick
[INFO][2023-04-04 21:25:47.228][2824592]Server/webserver.cpp:427(eventLoop): timer tick
[INFO][2023-04-04 21:25:52.228][2824592]Server/webserver.cpp:427(eventLoop): timer tick
[INFO][2023-04-04 21:25:57.228][2824592]Server/webserver.cpp:427(eventLoop): timer tick
[INFO][2023-04-04 21:26:02.228][2824592]Server/webserver.cpp:427(eventLoop): timer tick
[INFO][2023-04-04 21:26:07.228][2824592]Server/webserver.cpp:427(eventLoop): timer tick
[INFO][2023-04-04 21:26:12.228][2824592]Server/webserver.cpp:427(eventLoop): timer tick
[INFO][2023-04-04 21:26:17.228][2824592]Server/webserver.cpp:427(eventLoop): timer tick
[INFO][2023-04-04 21:26:22.228][2824592]Server/webserver.cpp:427(eventLoop): timer tick
[INFO][2023-04-04 21:26:27.228][2824592]Server/webserver.cpp:427(eventLoop): timer tick
[INFO][2023-04-04 21:26:32.228][2824592]Server/webserver.cpp:427(eventLoop): timer tick
[INFO][2023-04-04 21:26:37.228][2824592]Server/webserver.cpp:427(eventLoop): timer tick
[INFO][2023-04-04 21:26:42.228][2824592]Server/webserver.cpp:427(eventLoop): timer tick
[INFO][2023-04-04 21:26:47.228][2824592]Server/webserver.cpp:427(eventLoop): timer tick
[INFO][2023-04-04 21:26:52.228][2824592]Server/webserver.cpp:427(eventLoop): timer tick
[INFO][2023-04-04 21:26:57.228][2824592]Server/webserver.cpp:427(eventLoop): timer tick
[INFO][2023-04-04 21:27:02.228][2824592]Server/webserver.cpp:427(eventLoop): timer tick
[INFO][2023-04-04 21:27:07.229][2824592]Server/webserver.cpp:427(eventLoop): timer tick
[INFO][2023-04-04 21:27:12.229][2824592]Server/webserver.cpp:427(eventLoop): timer tick
[INFO][2023-04-04 21:27:17.229][2824592]Server/webserver.cpp:427(eventLoop): timer tick
[INFO][2023-04-04 21:27:22.229][2824592]Server/webserver.cpp:427(eventLoop): timer tick
[INFO][2023-04-04 21:27:27.229][2824592]Server/webserver.cpp:427(eventLoop): timer tick
[INFO][2023-04-04 21:27:32.229][2824592]Server/webserver.cpp:427(eventLoop): timer tick
[INFO][2023-04-04 21:27:37.229][2824592]Server/webserver.cpp:427(eventLoop): timer tick
[INFO][2023-04-04 21:27:42.229][2824592]Server/webserver.cpp:427(eventLoop): timer tick
[INFO][2023-04-04 21:27:47.229][2824592]Server/webserver.cpp:427(eventLoop): timer tick
[INFO][2023-04-04 21:27:52.229][2824592]Server/webserver.cpp:427(eventLoop): timer tick
[INFO][2023-04-04 21:27:57.229][2824592]Server/webserver.cpp:427(eventLoop): timer tick
[INFO][2023-04-04 21:28:02.229][2824592]Server/webserver.cpp:427(eventLoop): timer tick
[INFO][2023-04-04 21:28:07.229][2824592]Server/webserver.cpp:427(eventLoop): timer tick
[INFO][2023-04-04 21:28:12.229][2824592]Server/webserver.cpp:427(eventLoop): timer tick
[INFO][2023-04-04 21:28:17.229][2824592]Server/webserver.cpp:427(eventLoop): timer tick
[INFO][2023-04-04 21:28:22.229][2824592]Server/webserver.cpp:427(eventLoop): timer tick
[INFO][2023-04-04 21:28:27.229][2824592]Server/webserver.cpp:427(eventLoop): timer tick
[INFO][2023-04-04 21:28:32.229][2824592]Server/webserver.cpp:427(eventLoop): timer tick
[INFO][2023-04-04 21:28:37.229][2824592]Server/webserver.cpp:427(eventLoop): timer tick
[INFO][2023-04-04 21:28:42.229][2824592]Server/webserver.cpp:427(eventLoop): timer tick
[INFO][2023-04-04 21:28:47.229][2824592]Server/webserver.cpp:427(eventLoop): timer tick
[INFO][2023-04-04 21:28:52.229][2824592]Server/webserver.cpp:427(eventLoop): timer tick
[INFO][2023-04-04 21:28:57.229][2824592]Server/webserver.cpp:427(eventLoop): timer tick
[INFO][2023-04-04 21:29:02.229][2824592]Server/webserver.cpp:427(eventLoop): timer tick
[INFO][2023-04-04 21:29:07.229][2824592]Server/webserver.cpp:427(eventLoop): timer tick
[INFO][2023-04-04 21:29:12.230][2824592]Server/webserver.cpp:427(eventLoop): timer tick
[INFO][2023-04-04 21:29:17.230][2824592]Server/webserver.cpp:427(eventLoop): timer tick
[INFO][2023-04-04 21:29:22.230][2824592]Server/webserver.cpp:427(eventLoop): timer tick
[INFO][2023-04-04 21:29:27.230][2824592]Server/webserver.cpp:427(eventLoop): timer tick
[INFO][2023-04-04 21:29:32.230][2824592]Server/webserver.cpp:427(eventLoop): timer tick
[INFO][2023-04-04 21:29:37.230][2824592]Server/webserver.cpp:427(eventLoop): timer tick
[INFO][2023-04-04 21:29:42.230][2824592]Server/webserver.cpp:427(eventLoop): timer tick
[INFO][2023-04-04 21:29:47.230][2824592]Server/webserver.cpp:427(eventLoop): timer tick
[INFO][2023-04-04 21:29:52.230][2824592]Server/webserver.cpp:427(eventLoop): timer tick
[INFO][2023-04-04 21:29:57.230][2824592]Server/webserver.cpp:427(eventLoop): timer tick
[INFO][2023-04-04 21:30:02.230][2824592]Server/webserver.cpp:427(eventLoop): timer tick
[INFO][2023-04-04 21:30:07.230][2824592]Server/webserver.cpp:427(eventLoop): timer tick
[INFO][2023-04-04 21:30:12.230][2824592]Server/webserver.cpp:427(eventLoop): timer tick
[INFO][2023-04-04 21:30:17.230][2824592]Server/webserver.cpp:427(eventLoop): timer tick
[INFO][2023-04-04 21:30:20.652][2824592]Server/webserver.cpp:312(dealwithread): deal with the client(113.57.237.69)
[INFO][2023-04-04 21:30:20.652][2824592]Server/webserver.cpp:183(adjust_timer): adjust timer once
[INFO][2023-04-04 21:30:20.652][2824597]HttpConn/http_conn.cpp:352(process_read): POST /0 HTTP/1.1
[INFO][2023-04-04 21:30:20.652][2824597]HttpConn/http_conn.cpp:352(process_read): Host: 117.78.8.174:9006
[INFO][2023-04-04 21:30:20.652][2824597]HttpConn/http_conn.cpp:352(process_read): User-Agent: Mozilla/5.0 (Windows NT 10.0; Win64; x64) AppleWebKit/537.36 (KHTML, like Gecko) Chrome/111.0.0.0 Safari/537.36
[INFO][2023-04-04 21:30:20.652][2824597]HttpConn/http_conn.cpp:324(parse_headers): oop!unknow header: User-Agent: Mozilla/5.0 (Windows NT 10.0; Win64; x64) AppleWebKit/537.36 (KHTML, like Gecko) Chrome/111.0.0.0 Safari/537.36
[INFO][2023-04-04 21:30:20.652][2824597]HttpConn/http_conn.cpp:352(process_read): Content-Length: 0
[INFO][2023-04-04 21:30:20.652][2824597]HttpConn/http_conn.cpp:352(process_read): Accept: text/html,application/xhtml+xml,application/xml;q=0.9,image/avif,image/webp,image/apng,*/*;q=0.8,application/signed-exchange;v=b3;q=0.7
[INFO][2023-04-04 21:30:20.652][2824597]HttpConn/http_conn.cpp:324(parse_headers): oop!unknow header: Accept: text/html,application/xhtml+xml,application/xml;q=0.9,image/avif,image/webp,image/apng,*/*;q=0.8,application/signed-exchange;v=b3;q=0.7
[INFO][2023-04-04 21:30:20.652][2824597]HttpConn/http_conn.cpp:352(process_read): Accept-Encoding: gzip, deflate
[INFO][2023-04-04 21:30:20.652][2824597]HttpConn/http_conn.cpp:324(parse_headers): oop!unknow header: Accept-Encoding: gzip, deflate
[INFO][2023-04-04 21:30:20.652][2824597]HttpConn/http_conn.cpp:352(process_read): Accept-Language: zh-CN,zh;q=0.9,en;q=0.8
[INFO][2023-04-04 21:30:20.652][2824597]HttpConn/http_conn.cpp:324(parse_headers): oop!unknow header: Accept-Language: zh-CN,zh;q=0.9,en;q=0.8
[INFO][2023-04-04 21:30:20.652][2824597]HttpConn/http_conn.cpp:352(process_read): Cache-Control: max-age=0
[INFO][2023-04-04 21:30:20.652][2824597]HttpConn/http_conn.cpp:324(parse_headers): oop!unknow header: Cache-Control: max-age=0
[INFO][2023-04-04 21:30:20.652][2824597]HttpConn/http_conn.cpp:352(process_read): Content-Type: application/x-www-form-urlencoded
[INFO][2023-04-04 21:30:20.652][2824597]HttpConn/http_conn.cpp:324(parse_headers): oop!unknow header: Content-Type: application/x-www-form-urlencoded
[INFO][2023-04-04 21:30:20.652][2824597]HttpConn/http_conn.cpp:352(process_read): Origin: http://117.78.8.174:9006
[INFO][2023-04-04 21:30:20.652][2824597]HttpConn/http_conn.cpp:324(parse_headers): oop!unknow header: Origin: http://117.78.8.174:9006
[INFO][2023-04-04 21:30:20.652][2824597]HttpConn/http_conn.cpp:352(process_read): Referer: http://117.78.8.174:9006/
[INFO][2023-04-04 21:30:20.652][2824597]HttpConn/http_conn.cpp:324(parse_headers): oop!unknow header: Referer: http://117.78.8.174:9006/
[INFO][2023-04-04 21:30:20.652][2824597]HttpConn/http_conn.cpp:352(process_read): Upgrade-Insecure-Requests: 1
[INFO][2023-04-04 21:30:20.652][2824597]HttpConn/http_conn.cpp:324(parse_headers): oop!unknow header: Upgrade-Insecure-Requests: 1
[INFO][2023-04-04 21:30:20.652][2824597]HttpConn/http_conn.cpp:352(process_read): 
[INFO][2023-04-04 21:30:20.652][2824597]HttpConn/http_conn.cpp:602(add_response): request:HTTP/1.1 200 OK

[INFO][2023-04-04 21:30:20.652][2824597]HttpConn/http_conn.cpp:602(add_response): request:HTTP/1.1 200 OK
Content-Length:724

[INFO][2023-04-04 21:30:20.652][2824597]HttpConn/http_conn.cpp:602(add_response): request:HTTP/1.1 200 OK
Content-Length:724
Connection:close

[INFO][2023-04-04 21:30:20.652][2824597]HttpConn/http_conn.cpp:602(add_response): request:HTTP/1.1 200 OK
Content-Length:724
Connection:close


[INFO][2023-04-04 21:30:20.653][2824592]Server/webserver.cpp:194(deal_timer): close fd 16
[INFO][2023-04-04 21:30:22.230][2824592]Server/webserver.cpp:427(eventLoop): timer tick
[INFO][2023-04-04 21:30:23.973][2824592]Server/webserver.cpp:312(dealwithread): deal with the client(113.57.237.69)
[INFO][2023-04-04 21:30:23.973][2824592]Server/webserver.cpp:183(adjust_timer): adjust timer once
[INFO][2023-04-04 21:30:23.973][2824598]HttpConn/http_conn.cpp:352(process_read): POST /0 HTTP/1.1
[INFO][2023-04-04 21:30:23.973][2824598]HttpConn/http_conn.cpp:352(process_read): Host: 117.78.8.174:9006
[INFO][2023-04-04 21:30:23.973][2824598]HttpConn/http_conn.cpp:352(process_read): User-Agent: Mozilla/5.0 (Windows NT 10.0; Win64; x64) AppleWebKit/537.36 (KHTML, like Gecko) Chrome/111.0.0.0 Safari/537.36
[INFO][2023-04-04 21:30:23.973][2824598]HttpConn/http_conn.cpp:324(parse_headers): oop!unknow header: User-Agent: Mozilla/5.0 (Windows NT 10.0; Win64; x64) AppleWebKit/537.36 (KHTML, like Gecko) Chrome/111.0.0.0 Safari/537.36
[INFO][2023-04-04 21:30:23.973][2824598]HttpConn/http_conn.cpp:352(process_read): Content-Length: 0
[INFO][2023-04-04 21:30:23.973][2824598]HttpConn/http_conn.cpp:352(process_read): Accept: text/html,application/xhtml+xml,application/xml;q=0.9,image/avif,image/webp,image/apng,*/*;q=0.8,application/signed-exchange;v=b3;q=0.7
[INFO][2023-04-04 21:30:23.973][2824598]HttpConn/http_conn.cpp:324(parse_headers): oop!unknow header: Accept: text/html,application/xhtml+xml,application/xml;q=0.9,image/avif,image/webp,image/apng,*/*;q=0.8,application/signed-exchange;v=b3;q=0.7
[INFO][2023-04-04 21:30:23.973][2824598]HttpConn/http_conn.cpp:352(process_read): Accept-Encoding: gzip, deflate
[INFO][2023-04-04 21:30:23.973][2824598]HttpConn/http_conn.cpp:324(parse_headers): oop!unknow header: Accept-Encoding: gzip, deflate
[INFO][2023-04-04 21:30:23.973][2824598]HttpConn/http_conn.cpp:352(process_read): Accept-Language: zh-CN,zh;q=0.9,en;q=0.8
[INFO][2023-04-04 21:30:23.973][2824598]HttpConn/http_conn.cpp:324(parse_headers): oop!unknow header: Accept-Language: zh-CN,zh;q=0.9,en;q=0.8
[INFO][2023-04-04 21:30:23.973][2824598]HttpConn/http_conn.cpp:352(process_read): Cache-Control: max-age=0
[INFO][2023-04-04 21:30:23.973][2824598]HttpConn/http_conn.cpp:324(parse_headers): oop!unknow header: Cache-Control: max-age=0
[INFO][2023-04-04 21:30:23.973][2824598]HttpConn/http_conn.cpp:352(process_read): Content-Type: application/x-www-form-urlencoded
[INFO][2023-04-04 21:30:23.973][2824598]HttpConn/http_conn.cpp:324(parse_headers): oop!unknow header: Content-Type: application/x-www-form-urlencoded
[INFO][2023-04-04 21:30:23.973][2824598]HttpConn/http_conn.cpp:352(process_read): Origin: http://117.78.8.174:9006
[INFO][2023-04-04 21:30:23.973][2824598]HttpConn/http_conn.cpp:324(parse_headers): oop!unknow header: Origin: http://117.78.8.174:9006
[INFO][2023-04-04 21:30:23.973][2824598]HttpConn/http_conn.cpp:352(process_read): Referer: http://117.78.8.174:9006/
[INFO][2023-04-04 21:30:23.973][2824598]HttpConn/http_conn.cpp:324(parse_headers): oop!unknow header: Referer: http://117.78.8.174:9006/
[INFO][2023-04-04 21:30:23.973][2824598]HttpConn/http_conn.cpp:352(process_read): Upgrade-Insecure-Requests: 1
[INFO][2023-04-04 21:30:23.973][2824598]HttpConn/http_conn.cpp:324(parse_headers): oop!unknow header: Upgrade-Insecure-Requests: 1
[INFO][2023-04-04 21:30:23.973][2824598]HttpConn/http_conn.cpp:352(process_read): 
[INFO][2023-04-04 21:30:23.973][2824598]HttpConn/http_conn.cpp:602(add_response): request:HTTP/1.1 200 OK

[INFO][2023-04-04 21:30:23.973][2824598]HttpConn/http_conn.cpp:602(add_response): request:HTTP/1.1 200 OK
Content-Length:724

[INFO][2023-04-04 21:30:23.973][2824598]HttpConn/http_conn.cpp:602(add_response): request:HTTP/1.1 200 OK
Content-Length:724
Connection:close

[INFO][2023-04-04 21:30:23.973][2824598]HttpConn/http_conn.cpp:602(add_response): request:HTTP/1.1 200 OK
Content-Length:724
Connection:close


[INFO][2023-04-04 21:30:23.973][2824592]Server/webserver.cpp:194(deal_timer): close fd 16
[INFO][2023-04-04 21:30:27.230][2824592]Server/webserver.cpp:427(eventLoop): timer tick
[INFO][2023-04-04 21:30:31.255][2824592]Server/webserver.cpp:312(dealwithread): deal with the client(113.57.237.69)
[INFO][2023-04-04 21:30:31.255][2824592]Server/webserver.cpp:183(adjust_timer): adjust timer once
[INFO][2023-04-04 21:30:31.255][2824599]HttpConn/http_conn.cpp:352(process_read): POST /1 HTTP/1.1
[INFO][2023-04-04 21:30:31.255][2824599]HttpConn/http_conn.cpp:352(process_read): Host: 117.78.8.174:9006
[INFO][2023-04-04 21:30:31.255][2824599]HttpConn/http_conn.cpp:352(process_read): User-Agent: Mozilla/5.0 (Windows NT 10.0; Win64; x64) AppleWebKit/537.36 (KHTML, like Gecko) Chrome/111.0.0.0 Safari/537.36
[INFO][2023-04-04 21:30:31.255][2824599]HttpConn/http_conn.cpp:324(parse_headers): oop!unknow header: User-Agent: Mozilla/5.0 (Windows NT 10.0; Win64; x64) AppleWebKit/537.36 (KHTML, like Gecko) Chrome/111.0.0.0 Safari/537.36
[INFO][2023-04-04 21:30:31.255][2824599]HttpConn/http_conn.cpp:352(process_read): Content-Length: 0
[INFO][2023-04-04 21:30:31.255][2824599]HttpConn/http_conn.cpp:352(process_read): Accept: text/html,application/xhtml+xml,application/xml;q=0.9,image/avif,image/webp,image/apng,*/*;q=0.8,application/signed-exchange;v=b3;q=0.7
[INFO][2023-04-04 21:30:31.255][2824599]HttpConn/http_conn.cpp:324(parse_headers): oop!unknow header: Accept: text/html,application/xhtml+xml,application/xml;q=0.9,image/avif,image/webp,image/apng,*/*;q=0.8,application/signed-exchange;v=b3;q=0.7
[INFO][2023-04-04 21:30:31.255][2824599]HttpConn/http_conn.cpp:352(process_read): Accept-Encoding: gzip, deflate
[INFO][2023-04-04 21:30:31.255][2824599]HttpConn/http_conn.cpp:324(parse_headers): oop!unknow header: Accept-Encoding: gzip, deflate
[INFO][2023-04-04 21:30:31.255][2824599]HttpConn/http_conn.cpp:352(process_read): Accept-Language: zh-CN,zh;q=0.9,en;q=0.8
[INFO][2023-04-04 21:30:31.255][2824599]HttpConn/http_conn.cpp:324(parse_headers): oop!unknow header: Accept-Language: zh-CN,zh;q=0.9,en;q=0.8
[INFO][2023-04-04 21:30:31.255][2824599]HttpConn/http_conn.cpp:352(process_read): Cache-Control: max-age=0
[INFO][2023-04-04 21:30:31.255][2824599]HttpConn/http_conn.cpp:324(parse_headers): oop!unknow header: Cache-Control: max-age=0
[INFO][2023-04-04 21:30:31.255][2824599]HttpConn/http_conn.cpp:352(process_read): Content-Type: application/x-www-form-urlencoded
[INFO][2023-04-04 21:30:31.255][2824599]HttpConn/http_conn.cpp:324(parse_headers): oop!unknow header: Content-Type: application/x-www-form-urlencoded
[INFO][2023-04-04 21:30:31.255][2824599]HttpConn/http_conn.cpp:352(process_read): Origin: http://117.78.8.174:9006
[INFO][2023-04-04 21:30:31.255][2824599]HttpConn/http_conn.cpp:324(parse_headers): oop!unknow header: Origin: http://117.78.8.174:9006
[INFO][2023-04-04 21:30:31.255][2824599]HttpConn/http_conn.cpp:352(process_read): Referer: http://117.78.8.174:9006/
[INFO][2023-04-04 21:30:31.255][2824599]HttpConn/http_conn.cpp:324(parse_headers): oop!unknow header: Referer: http://117.78.8.174:9006/
[INFO][2023-04-04 21:30:31.255][2824599]HttpConn/http_conn.cpp:352(process_read): Upgrade-Insecure-Requests: 1
[INFO][2023-04-04 21:30:31.255][2824599]HttpConn/http_conn.cpp:324(parse_headers): oop!unknow header: Upgrade-Insecure-Requests: 1
[INFO][2023-04-04 21:30:31.255][2824599]HttpConn/http_conn.cpp:352(process_read): 
[INFO][2023-04-04 21:30:31.255][2824599]HttpConn/http_conn.cpp:602(add_response): request:HTTP/1.1 200 OK

[INFO][2023-04-04 21:30:31.255][2824599]HttpConn/http_conn.cpp:602(add_response): request:HTTP/1.1 200 OK
Content-Length:725

[INFO][2023-04-04 21:30:31.255][2824599]HttpConn/http_conn.cpp:602(add_response): request:HTTP/1.1 200 OK
Content-Length:725
Connection:close

[INFO][2023-04-04 21:30:31.255][2824599]HttpConn/http_conn.cpp:602(add_response): request:HTTP/1.1 200 OK
Content-Length:725
Connection:close


[INFO][2023-04-04 21:30:31.256][2824592]Server/webserver.cpp:194(deal_timer): close fd 16
[INFO][2023-04-04 21:30:32.230][2824592]Server/webserver.cpp:427(eventLoop): timer tick
[INFO][2023-04-04 21:30:37.230][2824592]Server/webserver.cpp:427(eventLoop): timer tick
[INFO][2023-04-04 21:30:42.230][2824592]Server/webserver.cpp:427(eventLoop): timer tick
[INFO][2023-04-04 21:30:47.230][2824592]Server/webserver.cpp:427(eventLoop): timer tick
[INFO][2023-04-04 21:30:52.230][2824592]Server/webserver.cpp:427(eventLoop): timer tick
[INFO][2023-04-04 21:30:57.231][2824592]Server/webserver.cpp:427(eventLoop): timer tick
[INFO][2023-04-04 21:31:02.231][2824592]Server/webserver.cpp:427(eventLoop): timer tick
[INFO][2023-04-04 21:31:07.231][2824592]Server/webserver.cpp:427(eventLoop): timer tick
[INFO][2023-04-04 21:31:12.231][2824592]Server/webserver.cpp:427(eventLoop): timer tick
[INFO][2023-04-04 21:31:17.231][2824592]Server/webserver.cpp:427(eventLoop): timer tick
[INFO][2023-04-04 21:31:22.231][2824592]Server/webserver.cpp:427(eventLoop): timer tick
[INFO][2023-04-04 21:31:27.231][2824592]Server/webserver.cpp:427(eventLoop): timer tick
[INFO][2023-04-04 21:31:32.231][2824592]Server/webserver.cpp:427(eventLoop): timer tick
[INFO][2023-04-04 21:31:37.231][2824592]Server/webserver.cpp:427(eventLoop): timer tick
[INFO][2023-04-04 21:31:42.231][2824592]Server/webserver.cpp:427(eventLoop): timer tick
[INFO][2023-04-04 21:31:47.231][2824592]Server/webserver.cpp:427(eventLoop): timer tick
[INFO][2023-04-04 21:31:52.231][2824592]Server/webserver.cpp:427(eventLoop): timer tick
[INFO][2023-04-04 21:31:57.231][2824592]Server/webserver.cpp:427(eventLoop): timer tick
[INFO][2023-04-04 21:32:02.231][2824592]Server/webserver.cpp:427(eventLoop): timer tick
[INFO][2023-04-04 21:32:07.231][2824592]Server/webserver.cpp:427(eventLoop): timer tick
[INFO][2023-04-04 21:32:12.231][2824592]Server/webserver.cpp:427(eventLoop): timer tick
[INFO][2023-04-04 21:32:17.231][2824592]Server/webserver.cpp:427(eventLoop): timer tick
[INFO][2023-04-04 21:32:22.231][2824592]Server/webserver.cpp:427(eventLoop): timer tick
[INFO][2023-04-04 21:32:27.231][2824592]Server/webserver.cpp:427(eventLoop): timer tick
[INFO][2023-04-04 21:32:32.232][2824592]Server/webserver.cpp:427(eventLoop): timer tick
[INFO][2023-04-04 21:32:37.232][2824592]Server/webserver.cpp:427(eventLoop): timer tick
[INFO][2023-04-04 21:32:42.232][2824592]Server/webserver.cpp:427(eventLoop): timer tick
[INFO][2023-04-04 21:32:47.232][2824592]Server/webserver.cpp:427(eventLoop): timer tick
[INFO][2023-04-04 21:32:52.232][2824592]Server/webserver.cpp:427(eventLoop): timer tick
[INFO][2023-04-04 21:32:57.232][2824592]Server/webserver.cpp:427(eventLoop): timer tick
[INFO][2023-04-04 21:33:02.232][2824592]Server/webserver.cpp:427(eventLoop): timer tick
[INFO][2023-04-04 21:33:07.232][2824592]Server/webserver.cpp:427(eventLoop): timer tick
[INFO][2023-04-04 21:33:12.232][2824592]Server/webserver.cpp:427(eventLoop): timer tick
[INFO][2023-04-04 21:33:17.232][2824592]Server/webserver.cpp:427(eventLoop): timer tick
[INFO][2023-04-04 21:33:22.232][2824592]Server/webserver.cpp:427(eventLoop): timer tick
[INFO][2023-04-04 21:33:27.232][2824592]Server/webserver.cpp:427(eventLoop): timer tick
[INFO][2023-04-04 21:33:32.232][2824592]Server/webserver.cpp:427(eventLoop): timer tick
[INFO][2023-04-04 21:33:37.232][2824592]Server/webserver.cpp:427(eventLoop): timer tick
[INFO][2023-04-04 21:33:42.232][2824592]Server/webserver.cpp:427(eventLoop): timer tick
[INFO][2023-04-04 21:33:47.232][2824592]Server/webserver.cpp:427(eventLoop): timer tick
[INFO][2023-04-04 21:33:52.232][2824592]Server/webserver.cpp:427(eventLoop): timer tick
[INFO][2023-04-04 21:33:57.232][2824592]Server/webserver.cpp:427(eventLoop): timer tick
[INFO][2023-04-04 21:34:02.232][2824592]Server/webserver.cpp:427(eventLoop): timer tick
[INFO][2023-04-04 21:34:07.232][2824592]Server/webserver.cpp:427(eventLoop): timer tick
[INFO][2023-04-04 21:34:12.232][2824592]Server/webserver.cpp:427(eventLoop): timer tick
[INFO][2023-04-04 21:34:17.233][2824592]Server/webserver.cpp:427(eventLoop): timer tick
[INFO][2023-04-04 21:34:22.233][2824592]Server/webserver.cpp:427(eventLoop): timer tick
[INFO][2023-04-04 21:34:27.233][2824592]Server/webserver.cpp:427(eventLoop): timer tick
[INFO][2023-04-04 21:34:32.233][2824592]Server/webserver.cpp:427(eventLoop): timer tick
[INFO][2023-04-04 21:34:37.233][2824592]Server/webserver.cpp:427(eventLoop): timer tick
[INFO][2023-04-04 21:34:42.233][2824592]Server/webserver.cpp:427(eventLoop): timer tick
[INFO][2023-04-04 21:34:47.233][2824592]Server/webserver.cpp:427(eventLoop): timer tick
[INFO][2023-04-04 21:34:52.233][2824592]Server/webserver.cpp:427(eventLoop): timer tick
[INFO][2023-04-04 21:34:57.233][2824592]Server/webserver.cpp:427(eventLoop): timer tick
[INFO][2023-04-04 21:35:02.233][2824592]Server/webserver.cpp:427(eventLoop): timer tick
[INFO][2023-04-04 21:35:07.233][2824592]Server/webserver.cpp:427(eventLoop): timer tick
[INFO][2023-04-04 21:35:12.233][2824592]Server/webserver.cpp:427(eventLoop): timer tick
[INFO][2023-04-04 21:35:17.233][2824592]Server/webserver.cpp:427(eventLoop): timer tick
[INFO][2023-04-04 21:35:22.233][2824592]Server/webserver.cpp:427(eventLoop): timer tick
[INFO][2023-04-04 21:35:27.233][2824592]Server/webserver.cpp:427(eventLoop): timer tick
[INFO][2023-04-04 21:35:32.233][2824592]Server/webserver.cpp:427(eventLoop): timer tick
[INFO][2023-04-04 21:35:37.233][2824592]Server/webserver.cpp:427(eventLoop): timer tick
[INFO][2023-04-04 21:35:42.233][2824592]Server/webserver.cpp:427(eventLoop): timer tick
[INFO][2023-04-04 21:35:47.233][2824592]Server/webserver.cpp:427(eventLoop): timer tick
[INFO][2023-04-04 21:35:52.234][2824592]Server/webserver.cpp:427(eventLoop): timer tick
[INFO][2023-04-04 21:35:57.234][2824592]Server/webserver.cpp:427(eventLoop): timer tick
[INFO][2023-04-04 21:36:02.234][2824592]Server/webserver.cpp:427(eventLoop): timer tick
[INFO][2023-04-04 21:36:07.234][2824592]Server/webserver.cpp:427(eventLoop): timer tick
[INFO][2023-04-04 21:36:12.234][2824592]Server/webserver.cpp:427(eventLoop): timer tick
[INFO][2023-04-04 21:36:17.234][2824592]Server/webserver.cpp:427(eventLoop): timer tick
[INFO][2023-04-04 21:36:22.234][2824592]Server/webserver.cpp:427(eventLoop): timer tick
[INFO][2023-04-04 21:36:27.234][2824592]Server/webserver.cpp:427(eventLoop): timer tick
[INFO][2023-04-04 21:36:32.234][2824592]Server/webserver.cpp:427(eventLoop): timer tick
[INFO][2023-04-04 21:36:37.234][2824592]Server/webserver.cpp:427(eventLoop): timer tick
[INFO][2023-04-04 21:36:42.234][2824592]Server/webserver.cpp:427(eventLoop): timer tick
[INFO][2023-04-04 21:36:47.234][2824592]Server/webserver.cpp:427(eventLoop): timer tick
[INFO][2023-04-04 21:36:52.234][2824592]Server/webserver.cpp:427(eventLoop): timer tick
[INFO][2023-04-04 21:36:57.234][2824592]Server/webserver.cpp:427(eventLoop): timer tick
[INFO][2023-04-04 21:37:02.234][2824592]Server/webserver.cpp:427(eventLoop): timer tick
[INFO][2023-04-04 21:37:07.234][2824592]Server/webserver.cpp:427(eventLoop): timer tick
[INFO][2023-04-04 21:37:12.234][2824592]Server/webserver.cpp:427(eventLoop): timer tick
[INFO][2023-04-04 21:37:17.234][2824592]Server/webserver.cpp:427(eventLoop): timer tick
[INFO][2023-04-04 21:37:22.234][2824592]Server/webserver.cpp:427(eventLoop): timer tick
[INFO][2023-04-04 21:37:27.234][2824592]Server/webserver.cpp:427(eventLoop): timer tick
[INFO][2023-04-04 21:37:32.235][2824592]Server/webserver.cpp:427(eventLoop): timer tick
[INFO][2023-04-04 21:37:37.235][2824592]Server/webserver.cpp:427(eventLoop): timer tick
[INFO][2023-04-04 21:37:42.235][2824592]Server/webserver.cpp:427(eventLoop): timer tick
[INFO][2023-04-04 21:37:47.235][2824592]Server/webserver.cpp:427(eventLoop): timer tick
[INFO][2023-04-04 21:37:52.235][2824592]Server/webserver.cpp:427(eventLoop): timer tick
[INFO][2023-04-04 21:37:57.235][2824592]Server/webserver.cpp:427(eventLoop): timer tick
[INFO][2023-04-04 21:38:02.235][2824592]Server/webserver.cpp:427(eventLoop): timer tick
[INFO][2023-04-04 21:38:07.235][2824592]Server/webserver.cpp:427(eventLoop): timer tick
[INFO][2023-04-04 21:38:12.235][2824592]Server/webserver.cpp:427(eventLoop): timer tick
[INFO][2023-04-04 21:38:17.235][2824592]Server/webserver.cpp:427(eventLoop): timer tick
[INFO][2023-04-04 21:38:22.235][2824592]Server/webserver.cpp:427(eventLoop): timer tick
[INFO][2023-04-04 21:38:27.235][2824592]Server/webserver.cpp:427(eventLoop): timer tick
[INFO][2023-04-04 21:38:32.235][2824592]Server/webserver.cpp:427(eventLoop): timer tick
[INFO][2023-04-04 21:38:37.235][2824592]Server/webserver.cpp:427(eventLoop): timer tick
